2026-06-08 11:29:33,357 [INFO] 监测已启动
2026-06-08 11:29:33,357 [INFO] 配置 → 提醒间隔: 2分00秒  |  短暂离开: 5.0秒  |  长离开重置: 30秒
2026-06-08 11:29:34,365 [INFO] 摄像头就绪，开始计时
2026-06-08 11:29:54,301 [INFO] 检测到离开（>5.0秒），暂停计时（本次已工作 21秒）
2026-06-08 11:29:54,770 [INFO] 回到座位 ← 离开了 0秒，继续计时
2026-06-08 11:30:47,580 [INFO] 检测到离开（>5.0秒），暂停计时（本次已工作 1分14秒）
2026-06-08 11:30:51,273 [INFO] 回到座位 ← 离开了 3秒，继续计时
2026-06-08 11:31:32,028 [INFO] 检测到离开（>5.0秒），暂停计时（本次已工作 1分59秒）
2026-06-08 11:31:34,354 [INFO] 回到座位 ← 离开了 2秒，继续计时
2026-06-08 11:31:34,354 [INFO] 连续工作 2分01秒，触发休息提醒
2026-06-08 11:31:46,755 [INFO] 检测到离开（>5.0秒），暂停计时（本次已工作 12秒）
2026-06-08 11:31:50,621 [INFO] 回到座位 ← 离开了 3秒，继续计时
2026-06-08 11:31:58,770 [INFO] 监测已停止
2026-06-08 11:46:13,450 [INFO] 监测已启动
2026-06-08 11:46:13,451 [INFO] 配置 → 提醒间隔: 2分00秒  |  短暂离开: 5.0秒  |  长离开重置: 30秒
2026-06-08 11:46:14,442 [INFO] 摄像头就绪，开始计时
2026-06-08 11:46:30,604 [INFO] 检测到离开（>5.0秒），暂停计时（本次已工作 17秒）
2026-06-08 11:46:31,459 [INFO] 回到座位 ← 离开了 0秒，继续计时
2026-06-08 11:46:45,926 [INFO] 检测到离开（>5.0秒），暂停计时（本次已工作 32秒）
2026-06-08 11:46:50,271 [INFO] 回到座位 ← 离开了 4秒，继续计时
2026-06-08 11:47:34,140 [INFO] 检测到离开（>5.0秒），暂停计时（本次已工作 1分21秒）
2026-06-08 11:48:12,175 [INFO] 回到座位 ← 离开了 38秒，超过长离开阈值（30秒），重置计时
2026-06-08 11:49:35,939 [INFO] 检测到离开（>5.0秒），暂停计时（本次已工作 1分23秒）
2026-06-08 11:49:49,574 [INFO] 回到座位 ← 离开了 13秒，继续计时
2026-06-08 11:49:54,612 [INFO] 检测到离开（>5.0秒），暂停计时（本次已工作 1分42秒）
2026-06-08 11:49:55,075 [INFO] 回到座位 ← 离开了 0秒，继续计时
2026-06-08 11:50:12,193 [INFO] 连续工作 2分00秒，触发休息提醒
2026-06-08 11:50:45,675 [INFO] 休息结束，计时已重置，继续工作
2026-06-08 11:52:00,039 [INFO] 检测到离开（>5.0秒），暂停计时（本次已工作 1分14秒）
2026-06-08 11:52:02,204 [INFO] 回到座位 ← 离开了 2秒，继续计时
2026-06-08 11:52:34,576 [INFO] 监测已停止
2026-06-08 11:54:55,348 [INFO] 监测已启动
2026-06-08 11:54:55,351 [INFO] 配置 → 提醒间隔: 2分00秒  |  短暂离开: 5.0秒  |  长离开重置: 30秒
2026-06-08 11:54:56,369 [INFO] 摄像头就绪，开始计时
2026-06-08 11:55:19,601 [INFO] 监测已停止
2026-06-08 11:55:22,864 [INFO] 监测已启动
2026-06-08 11:55:22,864 [INFO] 配置 → 提醒间隔: 2分00秒  |  短暂离开: 5.0秒  |  长离开重置: 30秒
2026-06-08 11:55:23,500 [INFO] 摄像头就绪，开始计时
2026-06-08 11:57:18,844 [INFO] 检测到离开（>5.0秒），暂停计时（本次已工作 1分56秒）
2026-06-08 11:57:21,013 [INFO] 回到座位 ← 离开了 2秒，继续计时
2026-06-08 11:57:22,556 [INFO] 连续工作 2分00秒，触发休息提醒
2026-06-08 11:57:49,192 [INFO] 休息结束，计时已重置，继续工作
2026-06-08 11:59:49,250 [INFO] 连续工作 2分00秒，触发休息提醒
